[19:51:56] [main/INFO] (Launcher) ModLauncher running: args [--launchTarget, forgeclientdev, --version, 21.1.205, --assetIndex, 1.21.1-17, --assetsDir, /Users/marco/.gradle/caches/fabric-loom/assets, --gameDir, ., --fml.fmlVersion, 4.0.41, --fml.mcVersion, 1.21.1, --fml.neoForgeVersion, 21.1.205, --fml.neoFormVersion, 20240808.144430]
[19:51:56] [main/INFO] (Launcher) JVM identified as Oracle Corporation Java HotSpot(TM) 64-Bit Server VM 21.0.3+7-LTS-152
[19:51:56] [main/INFO] (Launcher) ModLauncher 11.0.5+main.901c6ea8 starting: java version 21.0.3 by Oracle Corporation; OS Mac OS X arch aarch64 version 15.6
[19:51:56] [main/INFO] (ImmediateWindowHandler) Loading ImmediateWindowProvider fmlearlywindow
[19:51:56] [main/INFO] (EARLYDISPLAY) Trying GL version 4.6
[19:51:56] [main/INFO] (EARLYDISPLAY) Trying GL version 4.5
[19:51:56] [main/INFO] (EARLYDISPLAY) Trying GL version 4.4
[19:51:57] [main/INFO] (EARLYDISPLAY) Trying GL version 4.3
[19:51:57] [main/INFO] (EARLYDISPLAY) Trying GL version 4.2
[19:51:57] [main/INFO] (EARLYDISPLAY) Trying GL version 4.1
[19:51:57] [main/INFO] (EARLYDISPLAY) Requested GL version 4.1 got version 4.1
[19:51:58] [main/INFO] (mixin) SpongePowered MIXIN Subsystem Version=0.8.7 Source=union:/Users/marco/.gradle/caches/modules-2/files-2.1/net.fabricmc/sponge-mixin/0.15.2+mixin.0.8.7/2af2f021d8e02a0220dc27a7a72b4666d66d44ca/sponge-mixin-0.15.2+mixin.0.8.7.jar%23118!/ Service=ModLauncher Env=CLIENT
[19:51:58] [main/INFO] (ModDiscoverer) Found mod file "neoforge-21.1.205-minecraft-merged-eb3479b4fe-1.21.1-loom.mappings.1_21_1.layered+hash.40359-v2-neoforge-21.1.205.jar" [locator: neoforge devenv provider ([/Users/marco/git/HearthAndHaven/.gradle/loom-cache/minecraftMaven/net/minecraft/neoforge-21.1.205-minecraft-merged-eb3479b4fe/1.21.1-loom.mappings.1_21_1.layered+hash.40359-v2-neoforge-21.1.205/neoforge-21.1.205-minecraft-merged-eb3479b4fe-1.21.1-loom.mappings.1_21_1.layered+hash.40359-v2-neoforge-21.1.205.jar])]
[19:51:58] [main/INFO] (ModDiscoverer) Found mod file "neoforge-21.1.205-minecraft-merged-eb3479b4fe-1.21.1-loom.mappings.1_21_1.layered+hash.40359-v2-neoforge-21.1.205.jar" [locator: neoforge devenv provider ([/Users/marco/git/HearthAndHaven/.gradle/loom-cache/minecraftMaven/net/minecraft/neoforge-21.1.205-minecraft-merged-eb3479b4fe/1.21.1-loom.mappings.1_21_1.layered+hash.40359-v2-neoforge-21.1.205/neoforge-21.1.205-minecraft-merged-eb3479b4fe-1.21.1-loom.mappings.1_21_1.layered+hash.40359-v2-neoforge-21.1.205.jar])]
[19:51:58] [main/INFO] (ModDiscoverer) Found mod file "main" [locator: userdev mods and services, reader: mod manifest]
[19:51:58] [main/INFO] (ModDiscoverer) Found mod file "neoforge-21.1.205-minecraft-merged-eb3479b4fe-1.21.1-loom.mappings.1_21_1.layered+hash.40359-v2-neoforge-21.1.205.jar" [locator: userdev mods and services, reader: mod manifest]
[19:51:58] [main/INFO] (ModDiscoverer) Found mod file "architectury-neoforge-13.0.8.jar" [locator: userdev mods and services, reader: mod manifest]
[19:51:58] [main/INFO] (ModDiscoverer) Found mod file "4075803225333526768.jar" [locator: userdev mods and services, reader: mod manifest]
[19:51:58] [pool-5-thread-1/INFO] (EARLYDISPLAY) GL info: Apple M1 Pro GL version 4.1 Metal - 89.4, Apple
[19:51:58] [main/INFO] (ModDiscoverer) Found gamelibrary file "mixinextras-neoforge-0.5.0.jar" [locator: userdev mods and services, reader: mod manifest]
[19:51:58] [main/WARN] (JarSelector) Attempted to select a dependency jar for JarJar which was passed in as source: library:mixinextras.neoforge. Using Mod File: /Users/marco/.gradle/caches/modules-2/files-2.1/io.github.llamalad7/mixinextras-neoforge/0.5.0/d734b83ce6542bb70ea31755c1595b88992dbe65/mixinextras-neoforge-0.5.0.jar
[19:51:58] [main/INFO] (JarInJarDependencyLocator) Found 1 dependencies adding them to mods collection
[19:51:58] [main/INFO] (ModDiscoverer) Found library file "net.neoforged.neoforge-coremods-21.1.205.jar" [parent: neoforge-21.1.205-minecraft-merged-eb3479b4fe-1.21.1-loom.mappings.1_21_1.layered+hash.40359-v2-neoforge-21.1.205.jar, locator: jarinjar, reader: mod manifest]
[19:51:58] [main/INFO] (ModDiscoverer) 
     Mod List:
		Name Version (Mod Id)

		[Let's Do] Hearth & Haven 1.0.0 (hearth_and_haven)
		Architectury 13.0.8 (architectury)
		generated_f5d4e66 1 (generated_f5d4e66)
		Minecraft 1.21.1 (minecraft)
		NeoForge 21.1.205 (neoforge)
[19:51:58] [main/INFO] (mixin) Compatibility level set to JAVA_21
[19:51:58] [main/INFO] (LaunchServiceHandler) Launching target 'forgeclientdev' with arguments [--version, 21.1.205, --gameDir, ., --assetsDir, /Users/marco/.gradle/caches/fabric-loom/assets, --assetIndex, 1.21.1-17]
[19:51:58] [main/INFO] (unprotect) Found 8254 Minecraft classes
[19:51:58] [main/INFO] (MixinExtras|Service) Initializing MixinExtras via com.llamalad7.mixinextras.service.MixinExtrasServiceImpl(version=0.5.0).
[24Nov.2025 19:51:59.748] [Datafixer Bootstrap/INFO] [com.mojang.datafixers.DataFixerBuilder/]: 229 Datafixer optimizations took 156 milliseconds
[24Nov.2025 19:52:03.996] [main/WARN] [net.minecraft.commands.Commands/]: Ambiguity between arguments [teleport, location] and [teleport, destination] with inputs: [0.1 -0.5 .9, 0 0 0]
[24Nov.2025 19:52:03.997] [main/WARN] [net.minecraft.commands.Commands/]: Ambiguity between arguments [teleport, location] and [teleport, targets] with inputs: [0.1 -0.5 .9, 0 0 0]
[24Nov.2025 19:52:03.999] [main/WARN] [net.minecraft.commands.Commands/]: Ambiguity between arguments [teleport, destination] and [teleport, targets] with inputs: [Player, 0123, @e, dd12be42-52a9-4a91-a8a1-11c01849e498]
[24Nov.2025 19:52:03.999] [main/WARN] [net.minecraft.commands.Commands/]: Ambiguity between arguments [teleport, targets] and [teleport, destination] with inputs: [Player, 0123, dd12be42-52a9-4a91-a8a1-11c01849e498]
[24Nov.2025 19:52:04.000] [main/WARN] [net.minecraft.commands.Commands/]: Ambiguity between arguments [teleport, targets, location] and [teleport, targets, destination] with inputs: [0.1 -0.5 .9, 0 0 0]
[24Nov.2025 19:52:04.072] [Render thread/WARN] [net.minecraft.server.packs.VanillaPackResourcesBuilder/]: Assets URL 'union:/Users/marco/git/HearthAndHaven/.gradle/loom-cache/minecraftMaven/net/minecraft/neoforge-21.1.205-minecraft-merged-eb3479b4fe/1.21.1-loom.mappings.1_21_1.layered+hash.40359-v2-neoforge-21.1.205/neoforge-21.1.205-minecraft-merged-eb3479b4fe-1.21.1-loom.mappings.1_21_1.layered+hash.40359-v2-neoforge-21.1.205.jar%23193!/assets/.mcassetsroot' uses unexpected schema
[24Nov.2025 19:52:04.072] [Render thread/WARN] [net.minecraft.server.packs.VanillaPackResourcesBuilder/]: Assets URL 'union:/Users/marco/git/HearthAndHaven/.gradle/loom-cache/minecraftMaven/net/minecraft/neoforge-21.1.205-minecraft-merged-eb3479b4fe/1.21.1-loom.mappings.1_21_1.layered+hash.40359-v2-neoforge-21.1.205/neoforge-21.1.205-minecraft-merged-eb3479b4fe-1.21.1-loom.mappings.1_21_1.layered+hash.40359-v2-neoforge-21.1.205.jar%23193!/data/.mcassetsroot' uses unexpected schema
[24Nov.2025 19:52:04.084] [Render thread/INFO] [com.mojang.authlib.yggdrasil.YggdrasilAuthenticationService/]: Environment: Environment[sessionHost=https://sessionserver.mojang.com, servicesHost=https://api.minecraftservices.com, name=PROD]
[24Nov.2025 19:52:04.089] [Render thread/INFO] [net.minecraft.client.Minecraft/]: Setting user: Dev
[24Nov.2025 19:52:04.149] [Render thread/INFO] [net.minecraft.client.Minecraft/]: Backend library: LWJGL version 3.3.3+5
[24Nov.2025 19:52:04.830] [modloading-worker-0/INFO] [net.neoforged.neoforge.common.NeoForgeMod/NEOFORGE-MOD]: NeoForge mod loading, version 21.1.205, for MC 1.21.1
[24Nov.2025 19:52:05.850] [Render thread/INFO] [net.neoforged.neoforge.gametest.GameTestHooks/]: Enabled Gametest Namespaces: []
[24Nov.2025 19:52:06.065] [Render thread/INFO] [net.minecraft.server.packs.resources.ReloadableResourceManager/]: Reloading ResourceManager: vanilla, mod_resources, mod/generated_f5d4e66, mod/architectury, mod/hearth_and_haven, mod/neoforge
[24Nov.2025 19:52:06.219] [Worker-Main-4/INFO] [net.minecraft.client.gui.font.providers.UnihexProvider/]: Found unifont_all_no_pua-15.1.05.hex, loading
[24Nov.2025 19:52:06.356] [Worker-Main-1/INFO] [net.minecraft.client.gui.font.providers.UnihexProvider/]: Found unifont_jp_patch-15.1.05.hex, loading
[24Nov.2025 19:52:07.347] [Render thread/WARN] [net.minecraft.client.sounds.SoundEngine/]: Missing sound for event: minecraft:item.goat_horn.play
[24Nov.2025 19:52:07.347] [Render thread/WARN] [net.minecraft.client.sounds.SoundEngine/]: Missing sound for event: minecraft:entity.goat.screaming.horn_break
[24Nov.2025 19:52:07.398] [Render thread/INFO] [com.mojang.blaze3d.audio.Library/]: OpenAL initialized on device MacBook Pro-Lautsprecher
[24Nov.2025 19:52:07.401] [Render thread/INFO] [net.minecraft.client.sounds.SoundEngine/SOUNDS]: Sound engine started
[24Nov.2025 19:52:07.481] [Render thread/INFO] [net.minecraft.client.renderer.texture.TextureAtlas/]: Created: 1024x1024x4 minecraft:textures/atlas/blocks.png-atlas
[24Nov.2025 19:52:07.491] [Render thread/INFO] [net.minecraft.client.renderer.texture.TextureAtlas/]: Created: 256x256x4 minecraft:textures/atlas/signs.png-atlas
[24Nov.2025 19:52:07.492] [Render thread/INFO] [net.minecraft.client.renderer.texture.TextureAtlas/]: Created: 512x512x4 minecraft:textures/atlas/shield_patterns.png-atlas
[24Nov.2025 19:52:07.493] [Render thread/INFO] [net.minecraft.client.renderer.texture.TextureAtlas/]: Created: 512x512x4 minecraft:textures/atlas/banner_patterns.png-atlas
[24Nov.2025 19:52:07.493] [Render thread/INFO] [net.minecraft.client.renderer.texture.TextureAtlas/]: Created: 1024x1024x4 minecraft:textures/atlas/armor_trims.png-atlas
[24Nov.2025 19:52:07.498] [Render thread/INFO] [net.minecraft.client.renderer.texture.TextureAtlas/]: Created: 256x256x4 minecraft:textures/atlas/chest.png-atlas
[24Nov.2025 19:52:07.499] [Render thread/INFO] [net.minecraft.client.renderer.texture.TextureAtlas/]: Created: 128x64x4 minecraft:textures/atlas/decorated_pot.png-atlas
[24Nov.2025 19:52:07.499] [Render thread/INFO] [net.minecraft.client.renderer.texture.TextureAtlas/]: Created: 512x256x4 minecraft:textures/atlas/shulker_boxes.png-atlas
[24Nov.2025 19:52:07.499] [Render thread/INFO] [net.minecraft.client.renderer.texture.TextureAtlas/]: Created: 512x256x4 minecraft:textures/atlas/beds.png-atlas
[24Nov.2025 19:52:07.538] [Render thread/INFO] [net.minecraft.client.renderer.texture.TextureAtlas/]: Created: 512x256x0 minecraft:textures/atlas/particles.png-atlas
[24Nov.2025 19:52:07.539] [Render thread/INFO] [net.minecraft.client.renderer.texture.TextureAtlas/]: Created: 512x256x0 minecraft:textures/atlas/paintings.png-atlas
[24Nov.2025 19:52:07.540] [Render thread/INFO] [net.minecraft.client.renderer.texture.TextureAtlas/]: Created: 256x128x0 minecraft:textures/atlas/mob_effects.png-atlas
[24Nov.2025 19:52:07.540] [Render thread/INFO] [net.minecraft.client.renderer.texture.TextureAtlas/]: Created: 64x64x0 minecraft:textures/atlas/map_decorations.png-atlas
[24Nov.2025 19:52:07.540] [Render thread/INFO] [net.minecraft.client.renderer.texture.TextureAtlas/]: Created: 1024x512x0 minecraft:textures/atlas/gui.png-atlas
[24Nov.2025 19:52:07.579] [Render thread/WARN] [net.minecraft.client.renderer.ShaderInstance/]: Shader rendertype_entity_translucent_emissive could not find sampler named Sampler2 in the specified shader program.
[24Nov.2025 19:52:07.646] [Render thread/INFO] [net.neoforged.neoforge.client.entity.animation.json.AnimationLoader/]: Loaded 0 entity animations
[24Nov.2025 19:52:13.014] [Worker-Main-3/ERROR] [net.minecraft.tags.TagLoader/]: Couldn't load tag minecraft:walls as it is missing following references: 
	hearth_and_haven:layered_stone_brick_wall (from mod/generated_f5d4e66)
	hearth_and_haven:mossy_layered_stone_brick_wall (from mod/generated_f5d4e66)
	hearth_and_haven:rubblestone_wall (from mod/generated_f5d4e66)
	hearth_and_haven:covered_rubblestone_wall (from mod/generated_f5d4e66)
	hearth_and_haven:plastered_rubblestone_wall (from mod/generated_f5d4e66)
	hearth_and_haven:rubblestone_masonry_wall (from mod/generated_f5d4e66)
	hearth_and_haven:devon_rubblestone_wall (from mod/generated_f5d4e66)
	hearth_and_haven:handmade_brick_wall (from mod/generated_f5d4e66)
	hearth_and_haven:groutless_rubblestone_wall (from mod/generated_f5d4e66)
[24Nov.2025 19:52:13.014] [Worker-Main-3/ERROR] [net.minecraft.tags.TagLoader/]: Couldn't load tag minecraft:mineable/pickaxe as it is missing following references: 
	#minecraft:walls (from vanilla)
[24Nov.2025 19:52:13.015] [Worker-Main-3/ERROR] [net.minecraft.tags.TagLoader/]: Couldn't load tag minecraft:stairs as it is missing following references: 
	hearth_and_haven:layered_stone_brick_stairs (from mod/generated_f5d4e66)
	hearth_and_haven:mossy_layered_stone_brick_stairs (from mod/generated_f5d4e66)
	hearth_and_haven:rubblestone_stairs (from mod/generated_f5d4e66)
	hearth_and_haven:covered_rubblestone_stairs (from mod/generated_f5d4e66)
	hearth_and_haven:plastered_rubblestone_stairs (from mod/generated_f5d4e66)
	hearth_and_haven:rubblestone_masonry_stairs (from mod/generated_f5d4e66)
	hearth_and_haven:devon_rubblestone_stairs (from mod/generated_f5d4e66)
	hearth_and_haven:handmade_brick_stairs (from mod/generated_f5d4e66)
	hearth_and_haven:splitstone_stairs (from mod/generated_f5d4e66)
	hearth_and_haven:mossy_splitstone_stairs (from mod/generated_f5d4e66)
	hearth_and_haven:groutless_rubblestone_stairs (from mod/generated_f5d4e66)
[24Nov.2025 19:52:13.016] [Worker-Main-3/ERROR] [net.minecraft.tags.TagLoader/]: Couldn't load tag minecraft:slabs as it is missing following references: 
	hearth_and_haven:layered_stone_brick_slab (from mod/generated_f5d4e66)
	hearth_and_haven:mossy_layered_stone_brick_slab (from mod/generated_f5d4e66)
	hearth_and_haven:rubblestone_slab (from mod/generated_f5d4e66)
	hearth_and_haven:covered_rubblestone_slab (from mod/generated_f5d4e66)
	hearth_and_haven:plastered_rubblestone_slab (from mod/generated_f5d4e66)
	hearth_and_haven:rubblestone_masonry_slab (from mod/generated_f5d4e66)
	hearth_and_haven:devon_rubblestone_slab (from mod/generated_f5d4e66)
	hearth_and_haven:handmade_brick_slab (from mod/generated_f5d4e66)
	hearth_and_haven:splitstone_slab (from mod/generated_f5d4e66)
	hearth_and_haven:mossy_splitstone_slab (from mod/generated_f5d4e66)
	hearth_and_haven:groutless_rubblestone_slab (from mod/generated_f5d4e66)
[24Nov.2025 19:52:13.016] [Worker-Main-3/ERROR] [net.minecraft.tags.TagLoader/]: Couldn't load tag minecraft:needs_stone_tool as it is missing following references: 
	#minecraft:walls (from mod/generated_f5d4e66)
	#minecraft:slabs (from mod/generated_f5d4e66)
	#minecraft:stairs (from mod/generated_f5d4e66)
	hearth_and_haven:rubblestone (from mod/generated_f5d4e66)
	hearth_and_haven:rubblestone_masonry (from mod/generated_f5d4e66)
	hearth_and_haven:devon_rubblestone (from mod/generated_f5d4e66)
	hearth_and_haven:splitstone (from mod/generated_f5d4e66)
	hearth_and_haven:groutless_rubblestone (from mod/generated_f5d4e66)
[24Nov.2025 19:52:13.016] [Worker-Main-3/ERROR] [net.minecraft.tags.TagLoader/]: Couldn't load tag minecraft:incorrect_for_wooden_tool as it is missing following references: 
	#minecraft:needs_stone_tool (from vanilla)
[24Nov.2025 19:52:13.016] [Worker-Main-3/ERROR] [net.minecraft.tags.TagLoader/]: Couldn't load tag minecraft:mineable/axe as it is missing following references: 
	hearth_and_haven:rustic_glass_block (from mod/generated_f5d4e66)
	hearth_and_haven:rustic_glass_pane (from mod/generated_f5d4e66)
	hearth_and_haven:rustic_haven_floor (from mod/generated_f5d4e66)
[24Nov.2025 19:52:13.017] [Worker-Main-3/ERROR] [net.minecraft.tags.TagLoader/]: Couldn't load tag minecraft:incorrect_for_gold_tool as it is missing following references: 
	#minecraft:needs_stone_tool (from vanilla)
[24Nov.2025 19:52:13.119] [Render thread/ERROR] [net.minecraft.world.item.crafting.RecipeManager/]: Parsing error loading recipe hearth_and_timber:alpine_gneiss_bricks
com.google.gson.JsonParseException: Map entry 'Q' : Failed to parse either. First: Not a json array: {"item":"hearth_and_haven:quicklime"}; Second: No key tag in MapLike[{"item":"hearth_and_haven:quicklime"}]; Unknown registry key in ResourceKey[minecraft:root / minecraft:item]: hearth_and_haven:quicklime
	at MC-BOOTSTRAP/datafixerupper@8.0.16/com.mojang.serialization.DataResult$Error.getOrThrow(DataResult.java:287) ~[datafixerupper-8.0.16.jar%23160!/:?]
	at TRANSFORMER/minecraft@1.21.1/net.minecraft.world.item.crafting.RecipeManager.apply(RecipeManager.java:60) ~[neoforge-21.1.205-minecraft-merged-eb3479b4fe-1.21.1-loom.mappings.1_21_1.layered+hash.40359-v2-neoforge-21.1.205.jar%23193!/:?]
	at TRANSFORMER/minecraft@1.21.1/net.minecraft.world.item.crafting.RecipeManager.apply(RecipeManager.java:36) ~[neoforge-21.1.205-minecraft-merged-eb3479b4fe-1.21.1-loom.mappings.1_21_1.layered+hash.40359-v2-neoforge-21.1.205.jar%23193!/:?]
	at TRANSFORMER/minecraft@1.21.1/net.minecraft.server.packs.resources.SimplePreparableReloadListener.method_18790(SimplePreparableReloadListener.java:19) ~[neoforge-21.1.205-minecraft-merged-eb3479b4fe-1.21.1-loom.mappings.1_21_1.layered+hash.40359-v2-neoforge-21.1.205.jar%23193!/:?]
	at java.base/java.util.concurrent.CompletableFuture$UniAccept.tryFire(CompletableFuture.java:718) ~[?:?]
	at java.base/java.util.concurrent.CompletableFuture$Completion.run(CompletableFuture.java:482) ~[?:?]
	at TRANSFORMER/minecraft@1.21.1/net.minecraft.server.packs.resources.SimpleReloadInstance.method_18365(SimpleReloadInstance.java:69) ~[neoforge-21.1.205-minecraft-merged-eb3479b4fe-1.21.1-loom.mappings.1_21_1.layered+hash.40359-v2-neoforge-21.1.205.jar%23193!/:?]
	at TRANSFORMER/minecraft@1.21.1/net.minecraft.util.thread.BlockableEventLoop.doRunTask(BlockableEventLoop.java:148) ~[neoforge-21.1.205-minecraft-merged-eb3479b4fe-1.21.1-loom.mappings.1_21_1.layered+hash.40359-v2-neoforge-21.1.205.jar%23193!/:?]
	at TRANSFORMER/minecraft@1.21.1/net.minecraft.util.thread.ReentrantBlockableEventLoop.doRunTask(ReentrantBlockableEventLoop.java:23) ~[neoforge-21.1.205-minecraft-merged-eb3479b4fe-1.21.1-loom.mappings.1_21_1.layered+hash.40359-v2-neoforge-21.1.205.jar%23193!/:?]
	at TRANSFORMER/minecraft@1.21.1/net.minecraft.util.thread.BlockableEventLoop.pollTask(BlockableEventLoop.java:122) ~[neoforge-21.1.205-minecraft-merged-eb3479b4fe-1.21.1-loom.mappings.1_21_1.layered+hash.40359-v2-neoforge-21.1.205.jar%23193!/:?]
	at TRANSFORMER/minecraft@1.21.1/net.minecraft.util.thread.BlockableEventLoop.managedBlock(BlockableEventLoop.java:132) ~[neoforge-21.1.205-minecraft-merged-eb3479b4fe-1.21.1-loom.mappings.1_21_1.layered+hash.40359-v2-neoforge-21.1.205.jar%23193!/:?]
	at TRANSFORMER/minecraft@1.21.1/net.minecraft.client.gui.screens.worldselection.WorldOpenFlows.loadWorldDataBlocking(WorldOpenFlows.java:201) ~[neoforge-21.1.205-minecraft-merged-eb3479b4fe-1.21.1-loom.mappings.1_21_1.layered+hash.40359-v2-neoforge-21.1.205.jar%23193!/:?]
	at TRANSFORMER/minecraft@1.21.1/net.minecraft.client.gui.screens.worldselection.WorldOpenFlows.loadWorldStem(WorldOpenFlows.java:142) ~[neoforge-21.1.205-minecraft-merged-eb3479b4fe-1.21.1-loom.mappings.1_21_1.layered+hash.40359-v2-neoforge-21.1.205.jar%23193!/:?]
	at TRANSFORMER/minecraft@1.21.1/net.minecraft.client.gui.screens.worldselection.WorldOpenFlows.openWorldLoadLevelStem(WorldOpenFlows.java:345) ~[neoforge-21.1.205-minecraft-merged-eb3479b4fe-1.21.1-loom.mappings.1_21_1.layered+hash.40359-v2-neoforge-21.1.205.jar%23193!/:?]
	at TRANSFORMER/minecraft@1.21.1/net.minecraft.client.gui.screens.worldselection.WorldOpenFlows.openWorldCheckVersionCompatibility(WorldOpenFlows.java:334) ~[neoforge-21.1.205-minecraft-merged-eb3479b4fe-1.21.1-loom.mappings.1_21_1.layered+hash.40359-v2-neoforge-21.1.205.jar%23193!/:?]
	at TRANSFORMER/minecraft@1.21.1/net.minecraft.client.gui.screens.worldselection.WorldOpenFlows.openWorldLoadLevelData(WorldOpenFlows.java:296) ~[neoforge-21.1.205-minecraft-merged-eb3479b4fe-1.21.1-loom.mappings.1_21_1.layered+hash.40359-v2-neoforge-21.1.205.jar%23193!/:?]
	at TRANSFORMER/minecraft@1.21.1/net.minecraft.client.gui.screens.worldselection.WorldOpenFlows.openWorld(WorldOpenFlows.java:261) ~[neoforge-21.1.205-minecraft-merged-eb3479b4fe-1.21.1-loom.mappings.1_21_1.layered+hash.40359-v2-neoforge-21.1.205.jar%23193!/:?]
	at TRANSFORMER/minecraft@1.21.1/net.minecraft.client.gui.screens.worldselection.WorldSelectionList$WorldListEntry.joinWorld(WorldSelectionList.java:498) ~[neoforge-21.1.205-minecraft-merged-eb3479b4fe-1.21.1-loom.mappings.1_21_1.layered+hash.40359-v2-neoforge-21.1.205.jar%23193!/:?]
	at TRANSFORMER/minecraft@1.21.1/net.minecraft.client.gui.screens.worldselection.WorldSelectionList$WorldListEntry.mouseClicked(WorldSelectionList.java:481) ~[neoforge-21.1.205-minecraft-merged-eb3479b4fe-1.21.1-loom.mappings.1_21_1.layered+hash.40359-v2-neoforge-21.1.205.jar%23193!/:?]
	at TRANSFORMER/minecraft@1.21.1/net.minecraft.client.gui.components.AbstractSelectionList.mouseClicked(AbstractSelectionList.java:315) ~[neoforge-21.1.205-minecraft-merged-eb3479b4fe-1.21.1-loom.mappings.1_21_1.layered+hash.40359-v2-neoforge-21.1.205.jar%23193!/:?]
	at TRANSFORMER/minecraft@1.21.1/net.minecraft.client.gui.components.events.ContainerEventHandler.mouseClicked(ContainerEventHandler.java:38) ~[neoforge-21.1.205-minecraft-merged-eb3479b4fe-1.21.1-loom.mappings.1_21_1.layered+hash.40359-v2-neoforge-21.1.205.jar%23193!/:?]
	at TRANSFORMER/minecraft@1.21.1/net.minecraft.client.MouseHandler.method_1611(MouseHandler.java:98) ~[neoforge-21.1.205-minecraft-merged-eb3479b4fe-1.21.1-loom.mappings.1_21_1.layered+hash.40359-v2-neoforge-21.1.205.jar%23193!/:?]
	at TRANSFORMER/minecraft@1.21.1/net.minecraft.client.gui.screens.Screen.wrapScreenError(Screen.java:451) ~[neoforge-21.1.205-minecraft-merged-eb3479b4fe-1.21.1-loom.mappings.1_21_1.layered+hash.40359-v2-neoforge-21.1.205.jar%23193!/:?]
	at TRANSFORMER/minecraft@1.21.1/net.minecraft.client.MouseHandler.onPress(MouseHandler.java:95) ~[neoforge-21.1.205-minecraft-merged-eb3479b4fe-1.21.1-loom.mappings.1_21_1.layered+hash.40359-v2-neoforge-21.1.205.jar%23193!/:?]
	at TRANSFORMER/minecraft@1.21.1/net.minecraft.client.MouseHandler.method_22686(MouseHandler.java:202) ~[neoforge-21.1.205-minecraft-merged-eb3479b4fe-1.21.1-loom.mappings.1_21_1.layered+hash.40359-v2-neoforge-21.1.205.jar%23193!/:?]
	at TRANSFORMER/minecraft@1.21.1/net.minecraft.util.thread.BlockableEventLoop.execute(BlockableEventLoop.java:98) ~[neoforge-21.1.205-minecraft-merged-eb3479b4fe-1.21.1-loom.mappings.1_21_1.layered+hash.40359-v2-neoforge-21.1.205.jar%23193!/:?]
	at TRANSFORMER/minecraft@1.21.1/net.minecraft.client.MouseHandler.method_22684(MouseHandler.java:202) ~[neoforge-21.1.205-minecraft-merged-eb3479b4fe-1.21.1-loom.mappings.1_21_1.layered+hash.40359-v2-neoforge-21.1.205.jar%23193!/:?]
	at MC-BOOTSTRAP/org.lwjgl.glfw@3.3.3+5/org.lwjgl.glfw.GLFWMouseButtonCallbackI.callback(GLFWMouseButtonCallbackI.java:43) ~[lwjgl-glfw-3.3.3.jar%23144!/:build 5]
	at MC-BOOTSTRAP/org.lwjgl@3.3.3+5/org.lwjgl.system.JNI.invokeV(Native Method) ~[lwjgl-3.3.3.jar%23152!/:build 5]
	at MC-BOOTSTRAP/org.lwjgl.glfw@3.3.3+5/org.lwjgl.glfw.GLFW.glfwWaitEventsTimeout(GLFW.java:3509) ~[lwjgl-glfw-3.3.3.jar%23144!/:build 5]
	at TRANSFORMER/minecraft@1.21.1/com.mojang.blaze3d.systems.RenderSystem.limitDisplayFPS(RenderSystem.java:162) ~[neoforge-21.1.205-minecraft-merged-eb3479b4fe-1.21.1-loom.mappings.1_21_1.layered+hash.40359-v2-neoforge-21.1.205.jar%23193!/:?]
	at TRANSFORMER/minecraft@1.21.1/net.minecraft.client.Minecraft.runTick(Minecraft.java:1220) ~[neoforge-21.1.205-minecraft-merged-eb3479b4fe-1.21.1-loom.mappings.1_21_1.layered+hash.40359-v2-neoforge-21.1.205.jar%23193!/:?]
	at TRANSFORMER/minecraft@1.21.1/net.minecraft.client.Minecraft.run(Minecraft.java:807) ~[neoforge-21.1.205-minecraft-merged-eb3479b4fe-1.21.1-loom.mappings.1_21_1.layered+hash.40359-v2-neoforge-21.1.205.jar%23193!/:?]
	at TRANSFORMER/minecraft@1.21.1/net.minecraft.client.main.Main.main(Main.java:230) ~[neoforge-21.1.205-minecraft-merged-eb3479b4fe-1.21.1-loom.mappings.1_21_1.layered+hash.40359-v2-neoforge-21.1.205.jar%23193!/:?]
	at java.base/jdk.internal.reflect.DirectMethodHandleAccessor.invoke(DirectMethodHandleAccessor.java:103) ~[?:?]
	at java.base/java.lang.reflect.Method.invoke(Method.java:580) ~[?:?]
	at MC-BOOTSTRAP/fml_loader@4.0.41/net.neoforged.fml.loading.targets.CommonLaunchHandler.runTarget(CommonLaunchHandler.java:136) ~[loader-4.0.41.jar%23104!/:4.0]
	at MC-BOOTSTRAP/fml_loader@4.0.41/net.neoforged.fml.loading.targets.CommonLaunchHandler.clientService(CommonLaunchHandler.java:124) ~[loader-4.0.41.jar%23104!/:4.0]
	at MC-BOOTSTRAP/fml_loader@4.0.41/net.neoforged.fml.loading.targets.NeoForgeClientDevLaunchHandler.runService(NeoForgeClientDevLaunchHandler.java:23) ~[loader-4.0.41.jar%23104!/:4.0]
	at MC-BOOTSTRAP/fml_loader@4.0.41/net.neoforged.fml.loading.targets.CommonLaunchHandler.lambda$launchService$4(CommonLaunchHandler.java:118) ~[loader-4.0.41.jar%23104!/:4.0]
	at MC-BOOTSTRAP/cpw.mods.modlauncher@11.0.5/cpw.mods.modlauncher.LaunchServiceHandlerDecorator.launch(LaunchServiceHandlerDecorator.java:30) [modlauncher-11.0.5.jar%23109!/:?]
	at MC-BOOTSTRAP/cpw.mods.modlauncher@11.0.5/cpw.mods.modlauncher.LaunchServiceHandler.launch(LaunchServiceHandler.java:53) [modlauncher-11.0.5.jar%23109!/:?]
	at MC-BOOTSTRAP/cpw.mods.modlauncher@11.0.5/cpw.mods.modlauncher.LaunchServiceHandler.launch(LaunchServiceHandler.java:71) [modlauncher-11.0.5.jar%23109!/:?]
	at MC-BOOTSTRAP/cpw.mods.modlauncher@11.0.5/cpw.mods.modlauncher.Launcher.run(Launcher.java:103) [modlauncher-11.0.5.jar%23109!/:?]
	at MC-BOOTSTRAP/cpw.mods.modlauncher@11.0.5/cpw.mods.modlauncher.Launcher.main(Launcher.java:74) [modlauncher-11.0.5.jar%23109!/:?]
	at MC-BOOTSTRAP/cpw.mods.modlauncher@11.0.5/cpw.mods.modlauncher.BootstrapLaunchConsumer.accept(BootstrapLaunchConsumer.java:26) [modlauncher-11.0.5.jar%23109!/:?]
	at MC-BOOTSTRAP/cpw.mods.modlauncher@11.0.5/cpw.mods.modlauncher.BootstrapLaunchConsumer.accept(BootstrapLaunchConsumer.java:23) [modlauncher-11.0.5.jar%23109!/:?]
	at cpw.mods.bootstraplauncher.BootstrapLauncher.run(BootstrapLauncher.java:210) [bootstraplauncher-2.0.2.jar:?]
	at cpw.mods.bootstraplauncher.BootstrapLauncher.main(BootstrapLauncher.java:69) [bootstraplauncher-2.0.2.jar:?]
	at net.fabricmc.devlaunchinjector.Main.main(Main.java:86) [dev-launch-injector-0.2.1+build.8.jar:?]
	at dev.architectury.transformer.TransformerRuntime.main(TransformerRuntime.java:220) [architectury-transformer-5.2.87-runtime.jar:5.2.87]
[24Nov.2025 19:52:13.129] [Render thread/INFO] [net.minecraft.world.item.crafting.RecipeManager/]: Loaded 1320 recipes
[24Nov.2025 19:52:13.222] [Render thread/INFO] [net.minecraft.advancements.AdvancementTree/]: Loaded 1399 advancements
[24Nov.2025 19:52:13.227] [Render thread/WARN] [net.minecraft.core.MappedRegistry/]: Not all defined tags for registry ResourceKey[minecraft:root / minecraft:block] are present in data pack: minecraft:incorrect_for_gold_tool, minecraft:incorrect_for_wooden_tool, minecraft:mineable/axe, minecraft:mineable/pickaxe
[24Nov.2025 19:52:13.824] [Server thread/INFO] [net.minecraft.client.server.IntegratedServer/]: Starting integrated minecraft server version 1.21.1
[24Nov.2025 19:52:13.825] [Server thread/INFO] [net.minecraft.server.MinecraftServer/]: Generating keypair
[24Nov.2025 19:52:14.025] [Server thread/INFO] [net.minecraft.server.MinecraftServer/]: Preparing start region for dimension minecraft:overworld
[24Nov.2025 19:52:14.076] [Server thread/ERROR] [net.minecraft.world.level.chunk.storage.ChunkSerializer/]: Recoverable errors when loading section [-1, -4, -1]: (Unknown registry key in ResourceKey[minecraft:root / minecraft:block]: hearth_and_haven:layered_fieldstone_bricks -> using default)
[24Nov.2025 19:52:14.089] [Server thread/ERROR] [net.minecraft.world.level.chunk.storage.ChunkSerializer/]: Recoverable errors when loading section [0, -4, -1]: (Unknown registry key in ResourceKey[minecraft:root / minecraft:block]: hearth_and_haven:layered_fieldstone_bricks -> using default); (Unknown registry key in ResourceKey[minecraft:root / minecraft:block]: hearth_and_haven:fieldstone_bricks -> using default)
[24Nov.2025 19:52:14.157] [progressListener/INFO] [net.minecraft.server.level.progress.LoggerChunkProgressListener/]: Preparing spawn area: 0%
[24Nov.2025 19:52:14.188] [Server thread/INFO] [net.neoforged.neoforge.server.permission.PermissionAPI/]: Successfully initialized permission handler neoforge:default_handler
[24Nov.2025 19:52:14.195] [progressListener/INFO] [net.minecraft.server.level.progress.LoggerChunkProgressListener/]: Time elapsed: 167 ms
[24Nov.2025 19:52:14.233] [Server thread/INFO] [net.minecraft.client.server.IntegratedServer/]: Changing view distance to 12, from 10
[24Nov.2025 19:52:14.233] [Server thread/INFO] [net.minecraft.client.server.IntegratedServer/]: Changing simulation distance to 12, from 0
[24Nov.2025 19:52:14.564] [Server thread/ERROR] [net.minecraft.world.item.ItemStack/]: Tried to load invalid item: 'Unknown registry key in ResourceKey[minecraft:root / minecraft:item]: hearth_and_haven:fieldstone_bricks'
[24Nov.2025 19:52:14.564] [Server thread/ERROR] [net.minecraft.world.item.ItemStack/]: Tried to load invalid item: 'Unknown registry key in ResourceKey[minecraft:root / minecraft:item]: hearth_and_haven:layered_fieldstone_bricks'
[24Nov.2025 19:52:14.565] [Server thread/INFO] [net.minecraft.server.players.PlayerList/]: Dev[local:E:7513aa74] logged in with entity id 7 at (0.3743055547213276, -59.75068838401656, -9.753057181941713)
[24Nov.2025 19:52:14.595] [Server thread/INFO] [net.minecraft.server.MinecraftServer/]: Dev joined the game
[24Nov.2025 19:52:14.679] [Render thread/INFO] [net.minecraft.advancements.AdvancementTree/]: Loaded 5 advancements
[24Nov.2025 19:52:14.940] [Server thread/INFO] [net.minecraft.client.server.IntegratedServer/]: Saving and pausing game...
[24Nov.2025 19:52:14.949] [Server thread/INFO] [net.minecraft.server.MinecraftServer/]: Saving chunks for level 'ServerLevel[New World]'/minecraft:overworld
[24Nov.2025 19:52:14.955] [Server thread/INFO] [net.minecraft.server.MinecraftServer/]: Saving chunks for level 'ServerLevel[New World]'/minecraft:the_end
[24Nov.2025 19:52:14.956] [Server thread/INFO] [net.minecraft.server.MinecraftServer/]: Saving chunks for level 'ServerLevel[New World]'/minecraft:the_nether
